d:\work\VS\sem8\avmis\HighPerformanceProcessorArchitecture\Lab02 - SSE\Release\icl.command.1.tlog
d:\work\VS\sem8\avmis\HighPerformanceProcessorArchitecture\Lab02 - SSE\Release\icl.read.1.tlog
d:\work\VS\sem8\avmis\HighPerformanceProcessorArchitecture\Lab02 - SSE\Release\icl.write.1.tlog
d:\work\VS\sem8\avmis\HighPerformanceProcessorArchitecture\Lab02 - SSE\Release\icl-mcpcom.read.1.tlog
d:\work\VS\sem8\avmis\HighPerformanceProcessorArchitecture\Lab02 - SSE\Release\icl-mcpcom.write.1.tlog
D:\WORK\VS\SEM8\AVMIS\HIGHPERFORMANCEPROCESSORARCHITECTURE\LAB02 - SSE\RELEASE\LAB02 - SSE.EXE.INTERMEDIATE.MANIFEST
d:\work\VS\sem8\avmis\HighPerformanceProcessorArchitecture\Lab02 - SSE\Release\Lab02 - SSE.write.1.tlog
D:\WORK\VS\SEM8\AVMIS\HIGHPERFORMANCEPROCESSORARCHITECTURE\LAB02 - SSE\RELEASE\MAIN.OBJ
d:\work\VS\sem8\avmis\HighPerformanceProcessorArchitecture\Lab02 - SSE\Release\mt.command.1.tlog
d:\work\VS\sem8\avmis\HighPerformanceProcessorArchitecture\Lab02 - SSE\Release\mt.read.1.tlog
d:\work\VS\sem8\avmis\HighPerformanceProcessorArchitecture\Lab02 - SSE\Release\mt.write.1.tlog
D:\WORK\VS\SEM8\AVMIS\HIGHPERFORMANCEPROCESSORARCHITECTURE\LAB02 - SSE\RELEASE\VC100.PDB
d:\work\VS\sem8\avmis\HighPerformanceProcessorArchitecture\Lab02 - SSE\Release\xilink.command.1.tlog
d:\work\VS\sem8\avmis\HighPerformanceProcessorArchitecture\Lab02 - SSE\Release\xilink.read.1.tlog
d:\work\VS\sem8\avmis\HighPerformanceProcessorArchitecture\Lab02 - SSE\Release\xilink.write.1.tlog
d:\work\VS\sem8\avmis\HighPerformanceProcessorArchitecture\Lab02 - SSE\Release\xilink-link.read.1.tlog
d:\work\VS\sem8\avmis\HighPerformanceProcessorArchitecture\Lab02 - SSE\Release\xilink-link.write.1.tlog
d:\work\VS\sem8\avmis\HighPerformanceProcessorArchitecture\Lab02 - SSE\Release\xilink-mcpcom.read.1.tlog
d:\work\VS\sem8\avmis\HighPerformanceProcessorArchitecture\Lab02 - SSE\Release\xilink-mcpcom.write.1.tlog
D:\WORK\VS\SEM8\AVMIS\HIGHPERFORMANCEPROCESSORARCHITECTURE\RELEASE\LAB02 - SSE.EXE
