icl : warning #10193: /Qvec is default; use /Qx and /Qax to configure vectorization
  main.cpp
main.cpp(45): warning #177: variable "r5" was declared but never referenced
    	__m128d r1, r2, r3, r4, r5, r6, r7, r8;
    	                        ^
  
main.cpp(45): warning #177: variable "r6" was declared but never referenced
    	__m128d r1, r2, r3, r4, r5, r6, r7, r8;
    	                            ^
  
main.cpp(45): warning #177: variable "r7" was declared but never referenced
    	__m128d r1, r2, r3, r4, r5, r6, r7, r8;
    	                                ^
  
main.cpp(45): warning #177: variable "r8" was declared but never referenced
    	__m128d r1, r2, r3, r4, r5, r6, r7, r8;
    	                                    ^
  
d:\work\VS\sem8\avmis\HighPerformanceProcessorArchitecture\Lab02 - SSE\main.cpp(19,2): warning : LOOP WAS VECTORIZED.
d:\work\VS\sem8\avmis\HighPerformanceProcessorArchitecture\Lab02 - SSE\main.cpp(26,2): warning : loop was not vectorized: not inner loop.
d:\work\VS\sem8\avmis\HighPerformanceProcessorArchitecture\Lab02 - SSE\main.cpp(26,2): warning : loop was not vectorized: statement cannot be vectorized.
d:\work\VS\sem8\avmis\HighPerformanceProcessorArchitecture\Lab02 - SSE\main.cpp(27,2): warning : loop was not vectorized: not inner loop.
d:\work\VS\sem8\avmis\HighPerformanceProcessorArchitecture\Lab02 - SSE\main.cpp(27,2): warning : loop was not vectorized: statement cannot be vectorized.
d:\work\VS\sem8\avmis\HighPerformanceProcessorArchitecture\Lab02 - SSE\main.cpp(31,2): warning : loop was not vectorized: not inner loop.
d:\work\VS\sem8\avmis\HighPerformanceProcessorArchitecture\Lab02 - SSE\main.cpp(32,7): warning : loop was not vectorized: not inner loop.
d:\work\VS\sem8\avmis\HighPerformanceProcessorArchitecture\Lab02 - SSE\main.cpp(33,3): warning : LOOP WAS VECTORIZED.
d:\work\VS\sem8\avmis\HighPerformanceProcessorArchitecture\Lab02 - SSE\main.cpp(49,2): warning : loop was not vectorized: not inner loop.
d:\work\VS\sem8\avmis\HighPerformanceProcessorArchitecture\Lab02 - SSE\main.cpp(50,7): warning : loop was not vectorized: not inner loop.
d:\work\VS\sem8\avmis\HighPerformanceProcessorArchitecture\Lab02 - SSE\main.cpp(52,5): warning : loop was not vectorized: statement cannot be vectorized.
d:\work\VS\sem8\avmis\HighPerformanceProcessorArchitecture\Lab02 - SSE\main.cpp(78,2): warning : loop was not vectorized: not inner loop.
d:\work\VS\sem8\avmis\HighPerformanceProcessorArchitecture\Lab02 - SSE\main.cpp(80,13): warning : loop was not vectorized: statement cannot be vectorized.
  xilink: executing 'link'
  Lab02 - SSE.vcxproj -> D:\work\VS\sem8\avmis\HighPerformanceProcessorArchitecture\Release\Lab02 - SSE.exe
