D:\WORK\VS\SEM8\AVMIS\HIGHPERFORMANCEPROCESSORARCHITECTURE\DEBUG\LAB01.EXE
D:\WORK\VS\SEM8\AVMIS\HIGHPERFORMANCEPROCESSORARCHITECTURE\DEBUG\LAB01.ILK
D:\WORK\VS\SEM8\AVMIS\HIGHPERFORMANCEPROCESSORARCHITECTURE\DEBUG\LAB01.PDB
D:\work\VS\sem8\avmis\HighPerformanceProcessorArchitecture\Lab01\Debug\cl.command.1.tlog
D:\work\VS\sem8\avmis\HighPerformanceProcessorArchitecture\Lab01\Debug\CL.read.1.tlog
D:\work\VS\sem8\avmis\HighPerformanceProcessorArchitecture\Lab01\Debug\CL.write.1.tlog
D:\work\VS\sem8\avmis\HighPerformanceProcessorArchitecture\Lab01\Debug\icl.command.1.tlog
D:\work\VS\sem8\avmis\HighPerformanceProcessorArchitecture\Lab01\Debug\icl.read.1.tlog
D:\work\VS\sem8\avmis\HighPerformanceProcessorArchitecture\Lab01\Debug\icl.write.1.tlog
D:\work\VS\sem8\avmis\HighPerformanceProcessorArchitecture\Lab01\Debug\icl-mcpcom.read.1.tlog
D:\work\VS\sem8\avmis\HighPerformanceProcessorArchitecture\Lab01\Debug\icl-mcpcom.write.1.tlog
D:\WORK\VS\SEM8\AVMIS\HIGHPERFORMANCEPROCESSORARCHITECTURE\LAB01\DEBUG\LAB01.EXE.INTERMEDIATE.MANIFEST
D:\work\VS\sem8\avmis\HighPerformanceProcessorArchitecture\Lab01\Debug\Lab01.write.1.tlog
D:\work\VS\sem8\avmis\HighPerformanceProcessorArchitecture\Lab01\Debug\link.command.1.tlog
D:\work\VS\sem8\avmis\HighPerformanceProcessorArchitecture\Lab01\Debug\link.read.1.tlog
D:\work\VS\sem8\avmis\HighPerformanceProcessorArchitecture\Lab01\Debug\link.write.1.tlog
D:\WORK\VS\SEM8\AVMIS\HIGHPERFORMANCEPROCESSORARCHITECTURE\LAB01\DEBUG\MAIN.OBJ
D:\work\VS\sem8\avmis\HighPerformanceProcessorArchitecture\Lab01\Debug\mt.command.1.tlog
D:\work\VS\sem8\avmis\HighPerformanceProcessorArchitecture\Lab01\Debug\mt.read.1.tlog
D:\work\VS\sem8\avmis\HighPerformanceProcessorArchitecture\Lab01\Debug\mt.write.1.tlog
D:\work\VS\sem8\avmis\HighPerformanceProcessorArchitecture\Lab01\Debug\vc100.idb
D:\WORK\VS\SEM8\AVMIS\HIGHPERFORMANCEPROCESSORARCHITECTURE\LAB01\DEBUG\VC100.PDB
D:\work\VS\sem8\avmis\HighPerformanceProcessorArchitecture\Lab01\Debug\xilink.command.1.tlog
D:\work\VS\sem8\avmis\HighPerformanceProcessorArchitecture\Lab01\Debug\xilink.read.1.tlog
D:\work\VS\sem8\avmis\HighPerformanceProcessorArchitecture\Lab01\Debug\xilink.write.1.tlog
D:\work\VS\sem8\avmis\HighPerformanceProcessorArchitecture\Lab01\Debug\xilink-link.read.1.tlog
D:\work\VS\sem8\avmis\HighPerformanceProcessorArchitecture\Lab01\Debug\xilink-link.write.1.tlog
D:\work\VS\sem8\avmis\HighPerformanceProcessorArchitecture\Lab01\Debug\xilink-mcpcom.read.1.tlog
D:\work\VS\sem8\avmis\HighPerformanceProcessorArchitecture\Lab01\Debug\xilink-mcpcom.write.1.tlog
