D:\WORK\VS\SEM8\AVMIS\HIGHPERFORMANCEPROCESSORARCHITECTURE\DEBUG\LAB01 - VECTORIZATION.EXE
D:\WORK\VS\SEM8\AVMIS\HIGHPERFORMANCEPROCESSORARCHITECTURE\DEBUG\LAB01 - VECTORIZATION.ILK
D:\WORK\VS\SEM8\AVMIS\HIGHPERFORMANCEPROCESSORARCHITECTURE\DEBUG\LAB01 - VECTORIZATION.PDB
D:\WORK\VS\SEM8\AVMIS\HIGHPERFORMANCEPROCESSORARCHITECTURE\DEBUG\LAB01.EXE
D:\WORK\VS\SEM8\AVMIS\HIGHPERFORMANCEPROCESSORARCHITECTURE\DEBUG\LAB01.ILK
D:\WORK\VS\SEM8\AVMIS\HIGHPERFORMANCEPROCESSORARCHITECTURE\DEBUG\LAB01.PDB
d:\work\VS\sem8\avmis\HighPerformanceProcessorArchitecture\Lab01\Debug\cl.command.1.tlog
d:\work\VS\sem8\avmis\HighPerformanceProcessorArchitecture\Lab01\Debug\CL.read.1.tlog
d:\work\VS\sem8\avmis\HighPerformanceProcessorArchitecture\Lab01\Debug\CL.write.1.tlog
D:\WORK\VS\SEM8\AVMIS\HIGHPERFORMANCEPROCESSORARCHITECTURE\LAB01\DEBUG\LAB01 - VECTORIZATION.EXE.INTERMEDIATE.MANIFEST
d:\work\VS\sem8\avmis\HighPerformanceProcessorArchitecture\Lab01\Debug\Lab01 - Vectorization.write.1.tlog
D:\WORK\VS\SEM8\AVMIS\HIGHPERFORMANCEPROCESSORARCHITECTURE\LAB01\DEBUG\LAB01.EXE.INTERMEDIATE.MANIFEST
d:\work\VS\sem8\avmis\HighPerformanceProcessorArchitecture\Lab01\Debug\Lab01.vcxprojResolveAssemblyReference.cache
d:\work\VS\sem8\avmis\HighPerformanceProcessorArchitecture\Lab01\Debug\Lab01.write.1.tlog
d:\work\VS\sem8\avmis\HighPerformanceProcessorArchitecture\Lab01\Debug\link.command.1.tlog
d:\work\VS\sem8\avmis\HighPerformanceProcessorArchitecture\Lab01\Debug\link.read.1.tlog
d:\work\VS\sem8\avmis\HighPerformanceProcessorArchitecture\Lab01\Debug\link.write.1.tlog
D:\WORK\VS\SEM8\AVMIS\HIGHPERFORMANCEPROCESSORARCHITECTURE\LAB01\DEBUG\MAIN.OBJ
d:\work\VS\sem8\avmis\HighPerformanceProcessorArchitecture\Lab01\Debug\mt.command.1.tlog
d:\work\VS\sem8\avmis\HighPerformanceProcessorArchitecture\Lab01\Debug\mt.read.1.tlog
d:\work\VS\sem8\avmis\HighPerformanceProcessorArchitecture\Lab01\Debug\mt.write.1.tlog
d:\work\VS\sem8\avmis\HighPerformanceProcessorArchitecture\Lab01\Debug\vc100.idb
D:\WORK\VS\SEM8\AVMIS\HIGHPERFORMANCEPROCESSORARCHITECTURE\LAB01\DEBUG\VC100.PDB
